 Launching the registry
NameProvider bound in registry
 Launching the registry
 Launching the registry
 Launching the registry
 Launching the registry
 Launching the registry
 Launching the registry
Listenning for new demands ...
 Launching the registry
Worker bound in registry
Worker bound in registry
Listenning for new demands ...
Listenning for new demands ...
Listenning for new demands ...
Worker bound in registry
Listenning for new demands ...
Worker bound in registry
Worker bound in registry
Worker bound in registry
Listenning for new demands ...
Worker bound in registry
Listenning for new demands ...
Demande d'écriture du fichier : data.txt.hdfschunk_0
Demande d'écriture du fichier : data.txt.hdfschunk_1
Demande d'écriture du fichier : data.txt.hdfschunk_2
Demande d'écriture du fichier : data.txt.hdfschunk_3
Demande d'écriture du fichier : data.txt.hdfschunk_4
Demande d'écriture du fichier : data.txt.hdfschunk_5
Demande d'écriture du fichier : data.txt.hdfschunk_6
